1647683109603:рудз
1647683119735:help
1647683125463:joke
1647790856564:help
1647790859659:save
1647790864492:joke
1647790871395:save
1647790957148:joke
1647790959618:save
1647791180773:jike
1647791182666:joke
1647791184862:save
1647791196558:show
1648382505008:help
1648382509891:weather
1648382577272:help
1648382581676:joke
1648382934192:weather
1648383489998:weater London
1648383511841:weather Красноярск
1648383521237:weather Лондон
1648383541531:weather осква
1648383552293:weather Москва
1648387105636:weather
1648388920169:help
1648389042375:weather
1648389045520:save
1648389047799:show
1648389058287:weather Иркутск
1648389067694:save
1648389071558:show
